[0.271s] DEBUG:colcon:Command line arguments: ['/usr/bin/colcon', 'build']
[0.271s] DEBUG:colcon:Parsed command line arguments: Namespace(log_base=None, log_level=None, verb_name='build', build_base='build', install_base='install', merge_install=False, symlink_install=False, test_result_base=None, continue_on_error=False, executor='parallel', parallel_workers=12, event_handlers=None, ignore_user_meta=False, metas=['./colcon.meta'], base_paths=['.'], packages_ignore=None, packages_ignore_regex=None, paths=None, packages_up_to=None, packages_up_to_regex=None, packages_above=None, packages_above_and_dependencies=None, packages_above_depth=None, packages_select_by_dep=None, packages_skip_by_dep=None, packages_skip_up_to=None, packages_select_build_failed=False, packages_skip_build_finished=False, packages_select_test_failures=False, packages_skip_test_passed=False, packages_select=None, packages_skip=None, packages_select_regex=None, packages_skip_regex=None, packages_start=None, packages_end=None, allow_overriding=[], cmake_args=None, cmake_target=None, cmake_target_skip_unavailable=False, cmake_clean_cache=False, cmake_clean_first=False, cmake_force_configure=False, ament_cmake_args=None, catkin_cmake_args=None, catkin_skip_building_tests=False, verb_parser=<colcon_defaults.argument_parser.defaults.DefaultArgumentsDecorator object at 0x7f82f761fb80>, verb_extension=<colcon_core.verb.build.BuildVerb object at 0x7f82f7e85330>, main=<bound method BuildVerb.main of <colcon_core.verb.build.BuildVerb object at 0x7f82f7e85330>>)
[0.300s] Level 1:colcon.colcon_core.package_discovery:discover_packages(colcon_meta) check parameters
[0.300s] Level 1:colcon.colcon_core.package_discovery:discover_packages(recursive) check parameters
[0.300s] Level 1:colcon.colcon_core.package_discovery:discover_packages(ignore) check parameters
[0.300s] Level 1:colcon.colcon_core.package_discovery:discover_packages(path) check parameters
[0.300s] Level 1:colcon.colcon_core.package_discovery:discover_packages(colcon_meta) discover
[0.300s] Level 1:colcon.colcon_core.package_discovery:discover_packages(recursive) discover
[0.301s] INFO:colcon.colcon_core.package_discovery:Crawling recursively for packages in '/home/onur/Desktop/DustBusterAI-Software/dustbuster_ws/src'
[0.301s] Level 1:colcon.colcon_core.package_identification:_identify(.) by extensions ['ignore', 'ignore_ament_install']
[0.301s] Level 1:colcon.colcon_core.package_identification:_identify(.) by extension 'ignore'
[0.301s] Level 1:colcon.colcon_core.package_identification:_identify(.) by extension 'ignore_ament_install'
[0.301s] Level 1:colcon.colcon_core.package_identification:_identify(.) by extensions ['colcon_pkg']
[0.301s] Level 1:colcon.colcon_core.package_identification:_identify(.) by extension 'colcon_pkg'
[0.301s] Level 1:colcon.colcon_core.package_identification:_identify(.) by extensions ['colcon_meta']
[0.301s] Level 1:colcon.colcon_core.package_identification:_identify(.) by extension 'colcon_meta'
[0.301s] Level 1:colcon.colcon_core.package_identification:_identify(.) by extensions ['ros']
[0.301s] Level 1:colcon.colcon_core.package_identification:_identify(.) by extension 'ros'
[0.311s] Level 1:colcon.colcon_core.package_identification:_identify(.) by extensions ['cmake', 'python']
[0.311s] Level 1:colcon.colcon_core.package_identification:_identify(.) by extension 'cmake'
[0.311s] Level 1:colcon.colcon_core.package_identification:_identify(.) by extension 'python'
[0.311s] Level 1:colcon.colcon_core.package_identification:_identify(.) by extensions ['python_setup_py']
[0.311s] Level 1:colcon.colcon_core.package_identification:_identify(.) by extension 'python_setup_py'
[0.311s] Level 1:colcon.colcon_core.package_identification:_identify(build) by extensions ['ignore', 'ignore_ament_install']
[0.311s] Level 1:colcon.colcon_core.package_identification:_identify(build) by extension 'ignore'
[0.311s] Level 1:colcon.colcon_core.package_identification:_identify(build) ignored
[0.311s] Level 1:colcon.colcon_core.package_identification:_identify(dustbuster-navigation) by extensions ['ignore', 'ignore_ament_install']
[0.311s] Level 1:colcon.colcon_core.package_identification:_identify(dustbuster-navigation) by extension 'ignore'
[0.311s] Level 1:colcon.colcon_core.package_identification:_identify(dustbuster-navigation) by extension 'ignore_ament_install'
[0.311s] Level 1:colcon.colcon_core.package_identification:_identify(dustbuster-navigation) by extensions ['colcon_pkg']
[0.312s] Level 1:colcon.colcon_core.package_identification:_identify(dustbuster-navigation) by extension 'colcon_pkg'
[0.312s] Level 1:colcon.colcon_core.package_identification:_identify(dustbuster-navigation) by extensions ['colcon_meta']
[0.312s] Level 1:colcon.colcon_core.package_identification:_identify(dustbuster-navigation) by extension 'colcon_meta'
[0.312s] Level 1:colcon.colcon_core.package_identification:_identify(dustbuster-navigation) by extensions ['ros']
[0.312s] Level 1:colcon.colcon_core.package_identification:_identify(dustbuster-navigation) by extension 'ros'
[0.314s] DEBUG:colcon.colcon_core.package_identification:Package 'dustbuster-navigation' with type 'ros.ament_cmake' and name 'dustbuster-navigation'
[0.314s] Level 1:colcon.colcon_core.package_identification:_identify(install) by extensions ['ignore', 'ignore_ament_install']
[0.314s] Level 1:colcon.colcon_core.package_identification:_identify(install) by extension 'ignore'
[0.314s] Level 1:colcon.colcon_core.package_identification:_identify(install) ignored
[0.314s] Level 1:colcon.colcon_core.package_identification:_identify(launch) by extensions ['ignore', 'ignore_ament_install']
[0.314s] Level 1:colcon.colcon_core.package_identification:_identify(launch) by extension 'ignore'
[0.314s] Level 1:colcon.colcon_core.package_identification:_identify(launch) by extension 'ignore_ament_install'
[0.314s] Level 1:colcon.colcon_core.package_identification:_identify(launch) by extensions ['colcon_pkg']
[0.314s] Level 1:colcon.colcon_core.package_identification:_identify(launch) by extension 'colcon_pkg'
[0.314s] Level 1:colcon.colcon_core.package_identification:_identify(launch) by extensions ['colcon_meta']
[0.314s] Level 1:colcon.colcon_core.package_identification:_identify(launch) by extension 'colcon_meta'
[0.314s] Level 1:colcon.colcon_core.package_identification:_identify(launch) by extensions ['ros']
[0.314s] Level 1:colcon.colcon_core.package_identification:_identify(launch) by extension 'ros'
[0.314s] Level 1:colcon.colcon_core.package_identification:_identify(launch) by extensions ['cmake', 'python']
[0.314s] Level 1:colcon.colcon_core.package_identification:_identify(launch) by extension 'cmake'
[0.314s] Level 1:colcon.colcon_core.package_identification:_identify(launch) by extension 'python'
[0.314s] Level 1:colcon.colcon_core.package_identification:_identify(launch) by extensions ['python_setup_py']
[0.315s] Level 1:colcon.colcon_core.package_identification:_identify(launch) by extension 'python_setup_py'
[0.315s] Level 1:colcon.colcon_core.package_identification:_identify(log) by extensions ['ignore', 'ignore_ament_install']
[0.315s] Level 1:colcon.colcon_core.package_identification:_identify(log) by extension 'ignore'
[0.315s] Level 1:colcon.colcon_core.package_identification:_identify(log) ignored
[0.315s] Level 1:colcon.colcon_core.package_discovery:discover_packages(recursive) using defaults
[0.315s] Level 1:colcon.colcon_core.package_discovery:discover_packages(ignore) discover
[0.315s] Level 1:colcon.colcon_core.package_discovery:discover_packages(ignore) using defaults
[0.315s] Level 1:colcon.colcon_core.package_discovery:discover_packages(path) discover
[0.315s] Level 1:colcon.colcon_core.package_discovery:discover_packages(path) using defaults
[0.335s] Level 1:colcon.colcon_core.package_discovery:discover_packages(prefix_path) check parameters
[0.335s] Level 1:colcon.colcon_core.package_discovery:discover_packages(prefix_path) discover
[0.336s] DEBUG:colcon.colcon_installed_package_information.package_discovery:Found 0 installed packages in /home/onur/Desktop/DustBusterAI-Software/dustbuster_ws/install
[0.338s] DEBUG:colcon.colcon_installed_package_information.package_discovery:Found 270 installed packages in /opt/ros/humble
[0.339s] Level 1:colcon.colcon_core.package_discovery:discover_packages(prefix_path) using defaults
[0.393s] Level 5:colcon.colcon_core.verb:set package 'dustbuster-navigation' build argument 'cmake_args' from command line to 'None'
[0.393s] Level 5:colcon.colcon_core.verb:set package 'dustbuster-navigation' build argument 'cmake_target' from command line to 'None'
[0.393s] Level 5:colcon.colcon_core.verb:set package 'dustbuster-navigation' build argument 'cmake_target_skip_unavailable' from command line to 'False'
[0.393s] Level 5:colcon.colcon_core.verb:set package 'dustbuster-navigation' build argument 'cmake_clean_cache' from command line to 'False'
[0.393s] Level 5:colcon.colcon_core.verb:set package 'dustbuster-navigation' build argument 'cmake_clean_first' from command line to 'False'
[0.393s] Level 5:colcon.colcon_core.verb:set package 'dustbuster-navigation' build argument 'cmake_force_configure' from command line to 'False'
[0.393s] Level 5:colcon.colcon_core.verb:set package 'dustbuster-navigation' build argument 'ament_cmake_args' from command line to 'None'
[0.393s] Level 5:colcon.colcon_core.verb:set package 'dustbuster-navigation' build argument 'catkin_cmake_args' from command line to 'None'
[0.393s] Level 5:colcon.colcon_core.verb:set package 'dustbuster-navigation' build argument 'catkin_skip_building_tests' from command line to 'False'
[0.393s] DEBUG:colcon.colcon_core.verb:Building package 'dustbuster-navigation' with the following arguments: {'ament_cmake_args': None, 'build_base': '/home/onur/Desktop/DustBusterAI-Software/dustbuster_ws/src/build/dustbuster-navigation', 'catkin_cmake_args': None, 'catkin_skip_building_tests': False, 'cmake_args': None, 'cmake_clean_cache': False, 'cmake_clean_first': False, 'cmake_force_configure': False, 'cmake_target': None, 'cmake_target_skip_unavailable': False, 'install_base': '/home/onur/Desktop/DustBusterAI-Software/dustbuster_ws/src/install/dustbuster-navigation', 'merge_install': False, 'path': '/home/onur/Desktop/DustBusterAI-Software/dustbuster_ws/src/dustbuster-navigation', 'symlink_install': False, 'test_result_base': None}
[0.393s] INFO:colcon.colcon_core.executor:Executing jobs using 'parallel' executor
[0.396s] DEBUG:colcon.colcon_parallel_executor.executor.parallel:run_until_complete
[0.396s] INFO:colcon.colcon_ros.task.ament_cmake.build:Building ROS package in '/home/onur/Desktop/DustBusterAI-Software/dustbuster_ws/src/dustbuster-navigation' with build type 'ament_cmake'
[0.396s] INFO:colcon.colcon_cmake.task.cmake.build:Building CMake package in '/home/onur/Desktop/DustBusterAI-Software/dustbuster_ws/src/dustbuster-navigation'
[0.400s] INFO:colcon.colcon_core.plugin_system:Skipping extension 'colcon_core.shell.bat': Not used on non-Windows systems
[0.400s] INFO:colcon.colcon_core.shell:Skip shell extension 'powershell' for command environment: Not usable outside of PowerShell
[0.400s] DEBUG:colcon.colcon_core.shell:Skip shell extension 'dsv' for command environment
[0.413s] DEBUG:colcon.colcon_core.event_handler.log_command:Invoking command in '/home/onur/Desktop/DustBusterAI-Software/dustbuster_ws/src/build/dustbuster-navigation': CMAKE_PREFIX_PATH=/opt/ros/humble CONDA_PROMPT_MODIFIER=(base) /usr/bin/cmake /home/onur/Desktop/DustBusterAI-Software/dustbuster_ws/src/dustbuster-navigation -DCMAKE_INSTALL_PREFIX=/home/onur/Desktop/DustBusterAI-Software/dustbuster_ws/src/install/dustbuster-navigation
[2.436s] DEBUG:colcon.colcon_core.event_handler.log_command:Invoked command in '/home/onur/Desktop/DustBusterAI-Software/dustbuster_ws/src/build/dustbuster-navigation' returned '0': CMAKE_PREFIX_PATH=/opt/ros/humble CONDA_PROMPT_MODIFIER=(base) /usr/bin/cmake /home/onur/Desktop/DustBusterAI-Software/dustbuster_ws/src/dustbuster-navigation -DCMAKE_INSTALL_PREFIX=/home/onur/Desktop/DustBusterAI-Software/dustbuster_ws/src/install/dustbuster-navigation
[2.437s] DEBUG:colcon.colcon_core.event_handler.log_command:Invoking command in '/home/onur/Desktop/DustBusterAI-Software/dustbuster_ws/src/build/dustbuster-navigation': CMAKE_PREFIX_PATH=/opt/ros/humble CONDA_PROMPT_MODIFIER=(base) /usr/bin/cmake --build /home/onur/Desktop/DustBusterAI-Software/dustbuster_ws/src/build/dustbuster-navigation -- -j12 -l12
[2.466s] DEBUG:colcon.colcon_core.event_handler.log_command:Invoked command in '/home/onur/Desktop/DustBusterAI-Software/dustbuster_ws/src/build/dustbuster-navigation' returned '0': CMAKE_PREFIX_PATH=/opt/ros/humble CONDA_PROMPT_MODIFIER=(base) /usr/bin/cmake --build /home/onur/Desktop/DustBusterAI-Software/dustbuster_ws/src/build/dustbuster-navigation -- -j12 -l12
[2.493s] DEBUG:colcon.colcon_core.event_handler.log_command:Invoking command in '/home/onur/Desktop/DustBusterAI-Software/dustbuster_ws/src/build/dustbuster-navigation': CMAKE_PREFIX_PATH=/opt/ros/humble CONDA_PROMPT_MODIFIER=(base) /usr/bin/cmake --install /home/onur/Desktop/DustBusterAI-Software/dustbuster_ws/src/build/dustbuster-navigation
[2.515s] Level 1:colcon.colcon_core.environment:create_environment_scripts_only(dustbuster-navigation)
[2.518s] DEBUG:colcon.colcon_core.event_handler.log_command:Invoked command in '/home/onur/Desktop/DustBusterAI-Software/dustbuster_ws/src/build/dustbuster-navigation' returned '0': CMAKE_PREFIX_PATH=/opt/ros/humble CONDA_PROMPT_MODIFIER=(base) /usr/bin/cmake --install /home/onur/Desktop/DustBusterAI-Software/dustbuster_ws/src/build/dustbuster-navigation
[2.531s] Level 1:colcon.colcon_core.environment:checking '/home/onur/Desktop/DustBusterAI-Software/dustbuster_ws/src/install/dustbuster-navigation' for CMake module files
[2.533s] Level 1:colcon.colcon_core.environment:checking '/home/onur/Desktop/DustBusterAI-Software/dustbuster_ws/src/install/dustbuster-navigation' for CMake config files
[2.533s] Level 1:colcon.colcon_core.shell:create_environment_hook('dustbuster-navigation', 'cmake_prefix_path')
[2.538s] INFO:colcon.colcon_core.shell:Creating environment hook '/home/onur/Desktop/DustBusterAI-Software/dustbuster_ws/src/install/dustbuster-navigation/share/dustbuster-navigation/hook/cmake_prefix_path.ps1'
[2.540s] INFO:colcon.colcon_core.shell:Creating environment descriptor '/home/onur/Desktop/DustBusterAI-Software/dustbuster_ws/src/install/dustbuster-navigation/share/dustbuster-navigation/hook/cmake_prefix_path.dsv'
[2.541s] INFO:colcon.colcon_core.shell:Creating environment hook '/home/onur/Desktop/DustBusterAI-Software/dustbuster_ws/src/install/dustbuster-navigation/share/dustbuster-navigation/hook/cmake_prefix_path.sh'
[2.543s] Level 1:colcon.colcon_core.environment:checking '/home/onur/Desktop/DustBusterAI-Software/dustbuster_ws/src/install/dustbuster-navigation/bin'
[2.544s] Level 1:colcon.colcon_core.environment:checking '/home/onur/Desktop/DustBusterAI-Software/dustbuster_ws/src/install/dustbuster-navigation/lib/pkgconfig/dustbuster-navigation.pc'
[2.544s] Level 1:colcon.colcon_core.environment:checking '/home/onur/Desktop/DustBusterAI-Software/dustbuster_ws/src/install/dustbuster-navigation/lib/python3.10/site-packages'
[2.545s] Level 1:colcon.colcon_core.environment:checking '/home/onur/Desktop/DustBusterAI-Software/dustbuster_ws/src/install/dustbuster-navigation/bin'
[2.548s] INFO:colcon.colcon_core.shell:Creating package script '/home/onur/Desktop/DustBusterAI-Software/dustbuster_ws/src/install/dustbuster-navigation/share/dustbuster-navigation/package.ps1'
[2.549s] INFO:colcon.colcon_core.shell:Creating package descriptor '/home/onur/Desktop/DustBusterAI-Software/dustbuster_ws/src/install/dustbuster-navigation/share/dustbuster-navigation/package.dsv'
[2.550s] INFO:colcon.colcon_core.shell:Creating package script '/home/onur/Desktop/DustBusterAI-Software/dustbuster_ws/src/install/dustbuster-navigation/share/dustbuster-navigation/package.sh'
[2.551s] INFO:colcon.colcon_core.shell:Creating package script '/home/onur/Desktop/DustBusterAI-Software/dustbuster_ws/src/install/dustbuster-navigation/share/dustbuster-navigation/package.bash'
[2.553s] INFO:colcon.colcon_core.shell:Creating package script '/home/onur/Desktop/DustBusterAI-Software/dustbuster_ws/src/install/dustbuster-navigation/share/dustbuster-navigation/package.zsh'
[2.554s] Level 1:colcon.colcon_core.environment:create_file_with_runtime_dependencies(/home/onur/Desktop/DustBusterAI-Software/dustbuster_ws/src/install/dustbuster-navigation/share/colcon-core/packages/dustbuster-navigation)
[2.584s] Level 1:colcon.colcon_core.environment:create_environment_scripts_only(dustbuster-navigation)
[2.587s] Level 1:colcon.colcon_core.environment:checking '/home/onur/Desktop/DustBusterAI-Software/dustbuster_ws/src/install/dustbuster-navigation' for CMake module files
[2.587s] Level 1:colcon.colcon_core.environment:checking '/home/onur/Desktop/DustBusterAI-Software/dustbuster_ws/src/install/dustbuster-navigation' for CMake config files
[2.587s] Level 1:colcon.colcon_core.shell:create_environment_hook('dustbuster-navigation', 'cmake_prefix_path')
[2.589s] INFO:colcon.colcon_core.shell:Creating environment hook '/home/onur/Desktop/DustBusterAI-Software/dustbuster_ws/src/install/dustbuster-navigation/share/dustbuster-navigation/hook/cmake_prefix_path.ps1'
[2.589s] INFO:colcon.colcon_core.shell:Creating environment descriptor '/home/onur/Desktop/DustBusterAI-Software/dustbuster_ws/src/install/dustbuster-navigation/share/dustbuster-navigation/hook/cmake_prefix_path.dsv'
[2.590s] INFO:colcon.colcon_core.shell:Creating environment hook '/home/onur/Desktop/DustBusterAI-Software/dustbuster_ws/src/install/dustbuster-navigation/share/dustbuster-navigation/hook/cmake_prefix_path.sh'
[2.590s] Level 1:colcon.colcon_core.environment:checking '/home/onur/Desktop/DustBusterAI-Software/dustbuster_ws/src/install/dustbuster-navigation/bin'
[2.590s] Level 1:colcon.colcon_core.environment:checking '/home/onur/Desktop/DustBusterAI-Software/dustbuster_ws/src/install/dustbuster-navigation/lib/pkgconfig/dustbuster-navigation.pc'
[2.591s] Level 1:colcon.colcon_core.environment:checking '/home/onur/Desktop/DustBusterAI-Software/dustbuster_ws/src/install/dustbuster-navigation/lib/python3.10/site-packages'
[2.591s] Level 1:colcon.colcon_core.environment:checking '/home/onur/Desktop/DustBusterAI-Software/dustbuster_ws/src/install/dustbuster-navigation/bin'
[2.592s] INFO:colcon.colcon_core.shell:Creating package script '/home/onur/Desktop/DustBusterAI-Software/dustbuster_ws/src/install/dustbuster-navigation/share/dustbuster-navigation/package.ps1'
[2.593s] INFO:colcon.colcon_core.shell:Creating package descriptor '/home/onur/Desktop/DustBusterAI-Software/dustbuster_ws/src/install/dustbuster-navigation/share/dustbuster-navigation/package.dsv'
[2.832s] INFO:colcon.colcon_core.shell:Creating package script '/home/onur/Desktop/DustBusterAI-Software/dustbuster_ws/src/install/dustbuster-navigation/share/dustbuster-navigation/package.sh'
[2.833s] INFO:colcon.colcon_core.shell:Creating package script '/home/onur/Desktop/DustBusterAI-Software/dustbuster_ws/src/install/dustbuster-navigation/share/dustbuster-navigation/package.bash'
[2.835s] INFO:colcon.colcon_core.shell:Creating package script '/home/onur/Desktop/DustBusterAI-Software/dustbuster_ws/src/install/dustbuster-navigation/share/dustbuster-navigation/package.zsh'
[2.836s] Level 1:colcon.colcon_core.environment:create_file_with_runtime_dependencies(/home/onur/Desktop/DustBusterAI-Software/dustbuster_ws/src/install/dustbuster-navigation/share/colcon-core/packages/dustbuster-navigation)
[2.837s] DEBUG:colcon.colcon_parallel_executor.executor.parallel:closing loop
[2.838s] DEBUG:colcon.colcon_parallel_executor.executor.parallel:loop closed
[2.838s] DEBUG:colcon.colcon_parallel_executor.executor.parallel:run_until_complete finished with '0'
[2.838s] DEBUG:colcon.colcon_core.event_reactor:joining thread
[2.858s] INFO:colcon.colcon_core.plugin_system:Skipping extension 'colcon_notification.desktop_notification.terminal_notifier': Not used on non-Darwin systems
[2.858s] INFO:colcon.colcon_core.plugin_system:Skipping extension 'colcon_notification.desktop_notification.win32': Not used on non-Windows systems
[2.859s] INFO:colcon.colcon_notification.desktop_notification:Sending desktop notification using 'notify2'
[2.899s] DEBUG:colcon.colcon_core.event_reactor:joined thread
[2.901s] INFO:colcon.colcon_core.shell:Creating prefix script '/home/onur/Desktop/DustBusterAI-Software/dustbuster_ws/src/install/local_setup.ps1'
[2.903s] INFO:colcon.colcon_core.shell:Creating prefix util module '/home/onur/Desktop/DustBusterAI-Software/dustbuster_ws/src/install/_local_setup_util_ps1.py'
[2.906s] INFO:colcon.colcon_core.shell:Creating prefix chain script '/home/onur/Desktop/DustBusterAI-Software/dustbuster_ws/src/install/setup.ps1'
[2.908s] INFO:colcon.colcon_core.shell:Creating prefix script '/home/onur/Desktop/DustBusterAI-Software/dustbuster_ws/src/install/local_setup.sh'
[2.909s] INFO:colcon.colcon_core.shell:Creating prefix util module '/home/onur/Desktop/DustBusterAI-Software/dustbuster_ws/src/install/_local_setup_util_sh.py'
[2.910s] INFO:colcon.colcon_core.shell:Creating prefix chain script '/home/onur/Desktop/DustBusterAI-Software/dustbuster_ws/src/install/setup.sh'
[2.912s] INFO:colcon.colcon_core.shell:Creating prefix script '/home/onur/Desktop/DustBusterAI-Software/dustbuster_ws/src/install/local_setup.bash'
[2.912s] INFO:colcon.colcon_core.shell:Creating prefix chain script '/home/onur/Desktop/DustBusterAI-Software/dustbuster_ws/src/install/setup.bash'
[2.914s] INFO:colcon.colcon_core.shell:Creating prefix script '/home/onur/Desktop/DustBusterAI-Software/dustbuster_ws/src/install/local_setup.zsh'
[2.914s] INFO:colcon.colcon_core.shell:Creating prefix chain script '/home/onur/Desktop/DustBusterAI-Software/dustbuster_ws/src/install/setup.zsh'
