[0.015s] Invoking command in '/home/onur/Desktop/DustBusterAI-Software/dustbuster_ws/src/build/dustbuster-navigation': CMAKE_PREFIX_PATH=/opt/ros/humble CONDA_PROMPT_MODIFIER=(base) /usr/bin/cmake /home/onur/Desktop/DustBusterAI-Software/dustbuster_ws/src/dustbuster-navigation -DCMAKE_INSTALL_PREFIX=/home/onur/Desktop/DustBusterAI-Software/dustbuster_ws/src/install/dustbuster-navigation
[1.093s] -- The C compiler identification is GNU 11.3.0
[1.158s] -- The CXX compiler identification is GNU 11.3.0
[1.165s] -- Detecting C compiler ABI info
[1.225s] -- Detecting C compiler ABI info - done
[1.232s] -- Check for working C compiler: /usr/bin/cc - skipped
[1.232s] -- Detecting C compile features
[1.233s] -- Detecting C compile features - done
[1.236s] -- Detecting CXX compiler ABI info
[1.327s] -- Detecting CXX compiler ABI info - done
[1.336s] -- Check for working CXX compiler: /usr/bin/c++ - skipped
[1.336s] -- Detecting CXX compile features
[1.337s] -- Detecting CXX compile features - done
[1.339s] -- Found ament_cmake: 1.3.3 (/opt/ros/humble/share/ament_cmake/cmake)
[1.837s] -- Found Python3: /home/onur/miniconda3/bin/python3.10 (found version "3.10.9") found components: Interpreter 
[1.913s] -- Found ament_lint_auto: 0.12.5 (/opt/ros/humble/share/ament_lint_auto/cmake)
[2.004s] -- Added test 'cppcheck' to perform static code analysis on C / C++ code
[2.004s] -- Configured cppcheck include dirs: 
[2.004s] -- Configured cppcheck exclude dirs and/or files: 
[2.006s] -- Added test 'flake8' to check Python code syntax and style conventions
[2.010s] -- Added test 'lint_cmake' to check CMake code style
[2.012s] -- Added test 'pep257' to check Python code against some of the docstring style conventions in PEP 257
[2.025s] -- Added test 'uncrustify' to check C / C++ code style
[2.025s] -- Configured uncrustify additional arguments: 
[2.027s] -- Added test 'xmllint' to check XML markup files
[2.028s] -- Configuring done
[2.031s] -- Generating done
[2.033s] -- Build files have been written to: /home/onur/Desktop/DustBusterAI-Software/dustbuster_ws/src/build/dustbuster-navigation
[2.038s] Invoked command in '/home/onur/Desktop/DustBusterAI-Software/dustbuster_ws/src/build/dustbuster-navigation' returned '0': CMAKE_PREFIX_PATH=/opt/ros/humble CONDA_PROMPT_MODIFIER=(base) /usr/bin/cmake /home/onur/Desktop/DustBusterAI-Software/dustbuster_ws/src/dustbuster-navigation -DCMAKE_INSTALL_PREFIX=/home/onur/Desktop/DustBusterAI-Software/dustbuster_ws/src/install/dustbuster-navigation
[2.039s] Invoking command in '/home/onur/Desktop/DustBusterAI-Software/dustbuster_ws/src/build/dustbuster-navigation': CMAKE_PREFIX_PATH=/opt/ros/humble CONDA_PROMPT_MODIFIER=(base) /usr/bin/cmake --build /home/onur/Desktop/DustBusterAI-Software/dustbuster_ws/src/build/dustbuster-navigation -- -j12 -l12
[2.068s] Invoked command in '/home/onur/Desktop/DustBusterAI-Software/dustbuster_ws/src/build/dustbuster-navigation' returned '0': CMAKE_PREFIX_PATH=/opt/ros/humble CONDA_PROMPT_MODIFIER=(base) /usr/bin/cmake --build /home/onur/Desktop/DustBusterAI-Software/dustbuster_ws/src/build/dustbuster-navigation -- -j12 -l12
[2.095s] Invoking command in '/home/onur/Desktop/DustBusterAI-Software/dustbuster_ws/src/build/dustbuster-navigation': CMAKE_PREFIX_PATH=/opt/ros/humble CONDA_PROMPT_MODIFIER=(base) /usr/bin/cmake --install /home/onur/Desktop/DustBusterAI-Software/dustbuster_ws/src/build/dustbuster-navigation
[2.103s] -- Install configuration: ""
[2.103s] -- Installing: /home/onur/Desktop/DustBusterAI-Software/dustbuster_ws/src/install/dustbuster-navigation/share/ament_index/resource_index/package_run_dependencies/dustbuster-navigation
[2.104s] -- Installing: /home/onur/Desktop/DustBusterAI-Software/dustbuster_ws/src/install/dustbuster-navigation/share/ament_index/resource_index/parent_prefix_path/dustbuster-navigation
[2.105s] -- Installing: /home/onur/Desktop/DustBusterAI-Software/dustbuster_ws/src/install/dustbuster-navigation/share/dustbuster-navigation/environment/ament_prefix_path.sh
[2.105s] -- Installing: /home/onur/Desktop/DustBusterAI-Software/dustbuster_ws/src/install/dustbuster-navigation/share/dustbuster-navigation/environment/ament_prefix_path.dsv
[2.106s] -- Installing: /home/onur/Desktop/DustBusterAI-Software/dustbuster_ws/src/install/dustbuster-navigation/share/dustbuster-navigation/environment/path.sh
[2.107s] -- Installing: /home/onur/Desktop/DustBusterAI-Software/dustbuster_ws/src/install/dustbuster-navigation/share/dustbuster-navigation/environment/path.dsv
[2.107s] -- Installing: /home/onur/Desktop/DustBusterAI-Software/dustbuster_ws/src/install/dustbuster-navigation/share/dustbuster-navigation/local_setup.bash
[2.108s] -- Installing: /home/onur/Desktop/DustBusterAI-Software/dustbuster_ws/src/install/dustbuster-navigation/share/dustbuster-navigation/local_setup.sh
[2.108s] -- Installing: /home/onur/Desktop/DustBusterAI-Software/dustbuster_ws/src/install/dustbuster-navigation/share/dustbuster-navigation/local_setup.zsh
[2.109s] -- Installing: /home/onur/Desktop/DustBusterAI-Software/dustbuster_ws/src/install/dustbuster-navigation/share/dustbuster-navigation/local_setup.dsv
[2.109s] -- Installing: /home/onur/Desktop/DustBusterAI-Software/dustbuster_ws/src/install/dustbuster-navigation/share/dustbuster-navigation/package.dsv
[2.110s] -- Installing: /home/onur/Desktop/DustBusterAI-Software/dustbuster_ws/src/install/dustbuster-navigation/share/ament_index/resource_index/packages/dustbuster-navigation
[2.111s] -- Installing: /home/onur/Desktop/DustBusterAI-Software/dustbuster_ws/src/install/dustbuster-navigation/share/dustbuster-navigation/cmake/dustbuster-navigationConfig.cmake
[2.112s] -- Installing: /home/onur/Desktop/DustBusterAI-Software/dustbuster_ws/src/install/dustbuster-navigation/share/dustbuster-navigation/cmake/dustbuster-navigationConfig-version.cmake
[2.112s] -- Installing: /home/onur/Desktop/DustBusterAI-Software/dustbuster_ws/src/install/dustbuster-navigation/share/dustbuster-navigation/package.xml
[2.118s] Invoked command in '/home/onur/Desktop/DustBusterAI-Software/dustbuster_ws/src/build/dustbuster-navigation' returned '0': CMAKE_PREFIX_PATH=/opt/ros/humble CONDA_PROMPT_MODIFIER=(base) /usr/bin/cmake --install /home/onur/Desktop/DustBusterAI-Software/dustbuster_ws/src/build/dustbuster-navigation
