-- The C compiler identification is GNU 11.3.0
-- The CXX compiler identification is GNU 11.3.0
-- Detecting C compiler ABI info
-- Detecting C compiler ABI info - done
-- Check for working C compiler: /usr/bin/cc - skipped
-- Detecting C compile features
-- Detecting C compile features - done
-- Detecting CXX compiler ABI info
-- Detecting CXX compiler ABI info - done
-- Check for working CXX compiler: /usr/bin/c++ - skipped
-- Detecting CXX compile features
-- Detecting CXX compile features - done
-- Found ament_cmake: 1.3.3 (/opt/ros/humble/share/ament_cmake/cmake)
-- Found Python3: /home/onur/miniconda3/bin/python3.10 (found version "3.10.9") found components: Interpreter 
-- Found ament_lint_auto: 0.12.5 (/opt/ros/humble/share/ament_lint_auto/cmake)
-- Added test 'cppcheck' to perform static code analysis on C / C++ code
-- Configured cppcheck include dirs: 
-- Configured cppcheck exclude dirs and/or files: 
-- Added test 'flake8' to check Python code syntax and style conventions
-- Added test 'lint_cmake' to check CMake code style
-- Added test 'pep257' to check Python code against some of the docstring style conventions in PEP 257
-- Added test 'uncrustify' to check C / C++ code style
-- Configured uncrustify additional arguments: 
-- Added test 'xmllint' to check XML markup files
-- Configuring done
-- Generating done
-- Build files have been written to: /home/onur/Desktop/DustBusterAI-Software/dustbuster_ws/build/dustbuster-navigation
-- Install configuration: ""
-- Installing: /home/onur/Desktop/DustBusterAI-Software/dustbuster_ws/install/dustbuster-navigation/share/ament_index/resource_index/package_run_dependencies/dustbuster-navigation
-- Installing: /home/onur/Desktop/DustBusterAI-Software/dustbuster_ws/install/dustbuster-navigation/share/ament_index/resource_index/parent_prefix_path/dustbuster-navigation
-- Installing: /home/onur/Desktop/DustBusterAI-Software/dustbuster_ws/install/dustbuster-navigation/share/dustbuster-navigation/environment/ament_prefix_path.sh
-- Installing: /home/onur/Desktop/DustBusterAI-Software/dustbuster_ws/install/dustbuster-navigation/share/dustbuster-navigation/environment/ament_prefix_path.dsv
-- Installing: /home/onur/Desktop/DustBusterAI-Software/dustbuster_ws/install/dustbuster-navigation/share/dustbuster-navigation/environment/path.sh
-- Installing: /home/onur/Desktop/DustBusterAI-Software/dustbuster_ws/install/dustbuster-navigation/share/dustbuster-navigation/environment/path.dsv
-- Installing: /home/onur/Desktop/DustBusterAI-Software/dustbuster_ws/install/dustbuster-navigation/share/dustbuster-navigation/local_setup.bash
-- Installing: /home/onur/Desktop/DustBusterAI-Software/dustbuster_ws/install/dustbuster-navigation/share/dustbuster-navigation/local_setup.sh
-- Installing: /home/onur/Desktop/DustBusterAI-Software/dustbuster_ws/install/dustbuster-navigation/share/dustbuster-navigation/local_setup.zsh
-- Installing: /home/onur/Desktop/DustBusterAI-Software/dustbuster_ws/install/dustbuster-navigation/share/dustbuster-navigation/local_setup.dsv
-- Installing: /home/onur/Desktop/DustBusterAI-Software/dustbuster_ws/install/dustbuster-navigation/share/dustbuster-navigation/package.dsv
-- Installing: /home/onur/Desktop/DustBusterAI-Software/dustbuster_ws/install/dustbuster-navigation/share/ament_index/resource_index/packages/dustbuster-navigation
-- Installing: /home/onur/Desktop/DustBusterAI-Software/dustbuster_ws/install/dustbuster-navigation/share/dustbuster-navigation/cmake/dustbuster-navigationConfig.cmake
-- Installing: /home/onur/Desktop/DustBusterAI-Software/dustbuster_ws/install/dustbuster-navigation/share/dustbuster-navigation/cmake/dustbuster-navigationConfig-version.cmake
-- Installing: /home/onur/Desktop/DustBusterAI-Software/dustbuster_ws/install/dustbuster-navigation/share/dustbuster-navigation/package.xml
