[0.011s] Invoking command in '/home/onur/Desktop/DustBusterAI-Software/dustbuster_ws/build/dustbuster-navigation': CMAKE_PREFIX_PATH=/opt/ros/humble CONDA_PROMPT_MODIFIER=(base) /usr/bin/cmake /home/onur/Desktop/DustBusterAI-Software/dustbuster_ws/src/dustbuster-navigation -DCMAKE_INSTALL_PREFIX=/home/onur/Desktop/DustBusterAI-Software/dustbuster_ws/install/dustbuster-navigation
[0.626s] -- The C compiler identification is GNU 11.3.0
[0.756s] -- The CXX compiler identification is GNU 11.3.0
[0.773s] -- Detecting C compiler ABI info
[0.975s] -- Detecting C compiler ABI info - done
[0.983s] -- Check for working C compiler: /usr/bin/cc - skipped
[0.983s] -- Detecting C compile features
[0.984s] -- Detecting C compile features - done
[0.986s] -- Detecting CXX compiler ABI info
[1.067s] -- Detecting CXX compiler ABI info - done
[1.074s] -- Check for working CXX compiler: /usr/bin/c++ - skipped
[1.074s] -- Detecting CXX compile features
[1.074s] -- Detecting CXX compile features - done
[1.076s] -- Found ament_cmake: 1.3.3 (/opt/ros/humble/share/ament_cmake/cmake)
[1.562s] -- Found Python3: /home/onur/miniconda3/bin/python3.10 (found version "3.10.9") found components: Interpreter 
[1.635s] -- Found ament_lint_auto: 0.12.5 (/opt/ros/humble/share/ament_lint_auto/cmake)
[1.725s] -- Added test 'cppcheck' to perform static code analysis on C / C++ code
[1.725s] -- Configured cppcheck include dirs: 
[1.725s] -- Configured cppcheck exclude dirs and/or files: 
[1.727s] -- Added test 'flake8' to check Python code syntax and style conventions
[1.731s] -- Added test 'lint_cmake' to check CMake code style
[1.734s] -- Added test 'pep257' to check Python code against some of the docstring style conventions in PEP 257
[1.747s] -- Added test 'uncrustify' to check C / C++ code style
[1.747s] -- Configured uncrustify additional arguments: 
[1.749s] -- Added test 'xmllint' to check XML markup files
[1.751s] -- Configuring done
[1.755s] -- Generating done
[1.756s] -- Build files have been written to: /home/onur/Desktop/DustBusterAI-Software/dustbuster_ws/build/dustbuster-navigation
[1.761s] Invoked command in '/home/onur/Desktop/DustBusterAI-Software/dustbuster_ws/build/dustbuster-navigation' returned '0': CMAKE_PREFIX_PATH=/opt/ros/humble CONDA_PROMPT_MODIFIER=(base) /usr/bin/cmake /home/onur/Desktop/DustBusterAI-Software/dustbuster_ws/src/dustbuster-navigation -DCMAKE_INSTALL_PREFIX=/home/onur/Desktop/DustBusterAI-Software/dustbuster_ws/install/dustbuster-navigation
[1.763s] Invoking command in '/home/onur/Desktop/DustBusterAI-Software/dustbuster_ws/build/dustbuster-navigation': CMAKE_PREFIX_PATH=/opt/ros/humble CONDA_PROMPT_MODIFIER=(base) /usr/bin/cmake --build /home/onur/Desktop/DustBusterAI-Software/dustbuster_ws/build/dustbuster-navigation -- -j12 -l12
[1.794s] Invoked command in '/home/onur/Desktop/DustBusterAI-Software/dustbuster_ws/build/dustbuster-navigation' returned '0': CMAKE_PREFIX_PATH=/opt/ros/humble CONDA_PROMPT_MODIFIER=(base) /usr/bin/cmake --build /home/onur/Desktop/DustBusterAI-Software/dustbuster_ws/build/dustbuster-navigation -- -j12 -l12
[1.819s] Invoking command in '/home/onur/Desktop/DustBusterAI-Software/dustbuster_ws/build/dustbuster-navigation': CMAKE_PREFIX_PATH=/opt/ros/humble CONDA_PROMPT_MODIFIER=(base) /usr/bin/cmake --install /home/onur/Desktop/DustBusterAI-Software/dustbuster_ws/build/dustbuster-navigation
[1.825s] -- Install configuration: ""
[1.825s] -- Installing: /home/onur/Desktop/DustBusterAI-Software/dustbuster_ws/install/dustbuster-navigation/share/ament_index/resource_index/package_run_dependencies/dustbuster-navigation
[1.825s] -- Installing: /home/onur/Desktop/DustBusterAI-Software/dustbuster_ws/install/dustbuster-navigation/share/ament_index/resource_index/parent_prefix_path/dustbuster-navigation
[1.825s] -- Installing: /home/onur/Desktop/DustBusterAI-Software/dustbuster_ws/install/dustbuster-navigation/share/dustbuster-navigation/environment/ament_prefix_path.sh
[1.826s] -- Installing: /home/onur/Desktop/DustBusterAI-Software/dustbuster_ws/install/dustbuster-navigation/share/dustbuster-navigation/environment/ament_prefix_path.dsv
[1.826s] -- Installing: /home/onur/Desktop/DustBusterAI-Software/dustbuster_ws/install/dustbuster-navigation/share/dustbuster-navigation/environment/path.sh
[1.826s] -- Installing: /home/onur/Desktop/DustBusterAI-Software/dustbuster_ws/install/dustbuster-navigation/share/dustbuster-navigation/environment/path.dsv
[1.826s] -- Installing: /home/onur/Desktop/DustBusterAI-Software/dustbuster_ws/install/dustbuster-navigation/share/dustbuster-navigation/local_setup.bash
[1.826s] -- Installing: /home/onur/Desktop/DustBusterAI-Software/dustbuster_ws/install/dustbuster-navigation/share/dustbuster-navigation/local_setup.sh
[1.826s] -- Installing: /home/onur/Desktop/DustBusterAI-Software/dustbuster_ws/install/dustbuster-navigation/share/dustbuster-navigation/local_setup.zsh
[1.826s] -- Installing: /home/onur/Desktop/DustBusterAI-Software/dustbuster_ws/install/dustbuster-navigation/share/dustbuster-navigation/local_setup.dsv
[1.826s] -- Installing: /home/onur/Desktop/DustBusterAI-Software/dustbuster_ws/install/dustbuster-navigation/share/dustbuster-navigation/package.dsv
[1.827s] -- Installing: /home/onur/Desktop/DustBusterAI-Software/dustbuster_ws/install/dustbuster-navigation/share/ament_index/resource_index/packages/dustbuster-navigation
[1.827s] -- Installing: /home/onur/Desktop/DustBusterAI-Software/dustbuster_ws/install/dustbuster-navigation/share/dustbuster-navigation/cmake/dustbuster-navigationConfig.cmake
[1.827s] -- Installing: /home/onur/Desktop/DustBusterAI-Software/dustbuster_ws/install/dustbuster-navigation/share/dustbuster-navigation/cmake/dustbuster-navigationConfig-version.cmake
[1.827s] -- Installing: /home/onur/Desktop/DustBusterAI-Software/dustbuster_ws/install/dustbuster-navigation/share/dustbuster-navigation/package.xml
[1.830s] Invoked command in '/home/onur/Desktop/DustBusterAI-Software/dustbuster_ws/build/dustbuster-navigation' returned '0': CMAKE_PREFIX_PATH=/opt/ros/humble CONDA_PROMPT_MODIFIER=(base) /usr/bin/cmake --install /home/onur/Desktop/DustBusterAI-Software/dustbuster_ws/build/dustbuster-navigation
