[0.272s] DEBUG:colcon:Command line arguments: ['/usr/bin/colcon', 'build']
[0.272s] DEBUG:colcon:Parsed command line arguments: Namespace(log_base=None, log_level=None, verb_name='build', build_base='build', install_base='install', merge_install=False, symlink_install=False, test_result_base=None, continue_on_error=False, executor='parallel', parallel_workers=12, event_handlers=None, ignore_user_meta=False, metas=['./colcon.meta'], base_paths=['.'], packages_ignore=None, packages_ignore_regex=None, paths=None, packages_up_to=None, packages_up_to_regex=None, packages_above=None, packages_above_and_dependencies=None, packages_above_depth=None, packages_select_by_dep=None, packages_skip_by_dep=None, packages_skip_up_to=None, packages_select_build_failed=False, packages_skip_build_finished=False, packages_select_test_failures=False, packages_skip_test_passed=False, packages_select=None, packages_skip=None, packages_select_regex=None, packages_skip_regex=None, packages_start=None, packages_end=None, allow_overriding=[], cmake_args=None, cmake_target=None, cmake_target_skip_unavailable=False, cmake_clean_cache=False, cmake_clean_first=False, cmake_force_configure=False, ament_cmake_args=None, catkin_cmake_args=None, catkin_skip_building_tests=False, verb_parser=<colcon_defaults.argument_parser.defaults.DefaultArgumentsDecorator object at 0x7f192e093d60>, verb_extension=<colcon_core.verb.build.BuildVerb object at 0x7f192e8c39d0>, main=<bound method BuildVerb.main of <colcon_core.verb.build.BuildVerb object at 0x7f192e8c39d0>>)
[0.300s] Level 1:colcon.colcon_core.package_discovery:discover_packages(colcon_meta) check parameters
[0.300s] Level 1:colcon.colcon_core.package_discovery:discover_packages(recursive) check parameters
[0.300s] Level 1:colcon.colcon_core.package_discovery:discover_packages(ignore) check parameters
[0.300s] Level 1:colcon.colcon_core.package_discovery:discover_packages(path) check parameters
[0.300s] Level 1:colcon.colcon_core.package_discovery:discover_packages(colcon_meta) discover
[0.300s] Level 1:colcon.colcon_core.package_discovery:discover_packages(recursive) discover
[0.300s] INFO:colcon.colcon_core.package_discovery:Crawling recursively for packages in '/home/onur/Desktop/DustBusterAI-Software/dustbuster_ws'
[0.300s] Level 1:colcon.colcon_core.package_identification:_identify(.) by extensions ['ignore', 'ignore_ament_install']
[0.300s] Level 1:colcon.colcon_core.package_identification:_identify(.) by extension 'ignore'
[0.300s] Level 1:colcon.colcon_core.package_identification:_identify(.) by extension 'ignore_ament_install'
[0.301s] Level 1:colcon.colcon_core.package_identification:_identify(.) by extensions ['colcon_pkg']
[0.301s] Level 1:colcon.colcon_core.package_identification:_identify(.) by extension 'colcon_pkg'
[0.301s] Level 1:colcon.colcon_core.package_identification:_identify(.) by extensions ['colcon_meta']
[0.301s] Level 1:colcon.colcon_core.package_identification:_identify(.) by extension 'colcon_meta'
[0.301s] Level 1:colcon.colcon_core.package_identification:_identify(.) by extensions ['ros']
[0.301s] Level 1:colcon.colcon_core.package_identification:_identify(.) by extension 'ros'
[0.310s] Level 1:colcon.colcon_core.package_identification:_identify(.) by extensions ['cmake', 'python']
[0.475s] Level 1:colcon.colcon_core.package_identification:_identify(.) by extension 'cmake'
[0.475s] Level 1:colcon.colcon_core.package_identification:_identify(.) by extension 'python'
[0.475s] Level 1:colcon.colcon_core.package_identification:_identify(.) by extensions ['python_setup_py']
[0.475s] Level 1:colcon.colcon_core.package_identification:_identify(.) by extension 'python_setup_py'
[0.476s] Level 1:colcon.colcon_core.package_identification:_identify(build) by extensions ['ignore', 'ignore_ament_install']
[0.476s] Level 1:colcon.colcon_core.package_identification:_identify(build) by extension 'ignore'
[0.477s] Level 1:colcon.colcon_core.package_identification:_identify(build) ignored
[0.477s] Level 1:colcon.colcon_core.package_identification:_identify(install) by extensions ['ignore', 'ignore_ament_install']
[0.478s] Level 1:colcon.colcon_core.package_identification:_identify(install) by extension 'ignore'
[0.478s] Level 1:colcon.colcon_core.package_identification:_identify(install) ignored
[0.478s] Level 1:colcon.colcon_core.package_identification:_identify(log) by extensions ['ignore', 'ignore_ament_install']
[0.478s] Level 1:colcon.colcon_core.package_identification:_identify(log) by extension 'ignore'
[0.479s] Level 1:colcon.colcon_core.package_identification:_identify(log) ignored
[0.479s] Level 1:colcon.colcon_core.package_identification:_identify(src) by extensions ['ignore', 'ignore_ament_install']
[0.479s] Level 1:colcon.colcon_core.package_identification:_identify(src) by extension 'ignore'
[0.480s] Level 1:colcon.colcon_core.package_identification:_identify(src) by extension 'ignore_ament_install'
[0.480s] Level 1:colcon.colcon_core.package_identification:_identify(src) by extensions ['colcon_pkg']
[0.480s] Level 1:colcon.colcon_core.package_identification:_identify(src) by extension 'colcon_pkg'
[0.480s] Level 1:colcon.colcon_core.package_identification:_identify(src) by extensions ['colcon_meta']
[0.480s] Level 1:colcon.colcon_core.package_identification:_identify(src) by extension 'colcon_meta'
[0.481s] Level 1:colcon.colcon_core.package_identification:_identify(src) by extensions ['ros']
[0.481s] Level 1:colcon.colcon_core.package_identification:_identify(src) by extension 'ros'
[0.481s] Level 1:colcon.colcon_core.package_identification:_identify(src) by extensions ['cmake', 'python']
[0.481s] Level 1:colcon.colcon_core.package_identification:_identify(src) by extension 'cmake'
[0.481s] Level 1:colcon.colcon_core.package_identification:_identify(src) by extension 'python'
[0.481s] Level 1:colcon.colcon_core.package_identification:_identify(src) by extensions ['python_setup_py']
[0.481s] Level 1:colcon.colcon_core.package_identification:_identify(src) by extension 'python_setup_py'
[0.481s] Level 1:colcon.colcon_core.package_identification:_identify(src/build) by extensions ['ignore', 'ignore_ament_install']
[0.481s] Level 1:colcon.colcon_core.package_identification:_identify(src/build) by extension 'ignore'
[0.481s] Level 1:colcon.colcon_core.package_identification:_identify(src/build) ignored
[0.481s] Level 1:colcon.colcon_core.package_identification:_identify(src/dustbuster-navigation) by extensions ['ignore', 'ignore_ament_install']
[0.481s] Level 1:colcon.colcon_core.package_identification:_identify(src/dustbuster-navigation) by extension 'ignore'
[0.481s] Level 1:colcon.colcon_core.package_identification:_identify(src/dustbuster-navigation) by extension 'ignore_ament_install'
[0.481s] Level 1:colcon.colcon_core.package_identification:_identify(src/dustbuster-navigation) by extensions ['colcon_pkg']
[0.481s] Level 1:colcon.colcon_core.package_identification:_identify(src/dustbuster-navigation) by extension 'colcon_pkg'
[0.481s] Level 1:colcon.colcon_core.package_identification:_identify(src/dustbuster-navigation) by extensions ['colcon_meta']
[0.481s] Level 1:colcon.colcon_core.package_identification:_identify(src/dustbuster-navigation) by extension 'colcon_meta'
[0.481s] Level 1:colcon.colcon_core.package_identification:_identify(src/dustbuster-navigation) by extensions ['ros']
[0.482s] Level 1:colcon.colcon_core.package_identification:_identify(src/dustbuster-navigation) by extension 'ros'
[0.484s] DEBUG:colcon.colcon_core.package_identification:Package 'src/dustbuster-navigation' with type 'ros.ament_cmake' and name 'dustbuster-navigation'
[0.484s] Level 1:colcon.colcon_core.package_identification:_identify(src/install) by extensions ['ignore', 'ignore_ament_install']
[0.484s] Level 1:colcon.colcon_core.package_identification:_identify(src/install) by extension 'ignore'
[0.484s] Level 1:colcon.colcon_core.package_identification:_identify(src/install) ignored
[0.484s] Level 1:colcon.colcon_core.package_identification:_identify(src/launch) by extensions ['ignore', 'ignore_ament_install']
[0.484s] Level 1:colcon.colcon_core.package_identification:_identify(src/launch) by extension 'ignore'
[0.484s] Level 1:colcon.colcon_core.package_identification:_identify(src/launch) by extension 'ignore_ament_install'
[0.484s] Level 1:colcon.colcon_core.package_identification:_identify(src/launch) by extensions ['colcon_pkg']
[0.484s] Level 1:colcon.colcon_core.package_identification:_identify(src/launch) by extension 'colcon_pkg'
[0.484s] Level 1:colcon.colcon_core.package_identification:_identify(src/launch) by extensions ['colcon_meta']
[0.485s] Level 1:colcon.colcon_core.package_identification:_identify(src/launch) by extension 'colcon_meta'
[0.485s] Level 1:colcon.colcon_core.package_identification:_identify(src/launch) by extensions ['ros']
[0.485s] Level 1:colcon.colcon_core.package_identification:_identify(src/launch) by extension 'ros'
[0.485s] Level 1:colcon.colcon_core.package_identification:_identify(src/launch) by extensions ['cmake', 'python']
[0.485s] Level 1:colcon.colcon_core.package_identification:_identify(src/launch) by extension 'cmake'
[0.485s] Level 1:colcon.colcon_core.package_identification:_identify(src/launch) by extension 'python'
[0.485s] Level 1:colcon.colcon_core.package_identification:_identify(src/launch) by extensions ['python_setup_py']
[0.485s] Level 1:colcon.colcon_core.package_identification:_identify(src/launch) by extension 'python_setup_py'
[0.485s] Level 1:colcon.colcon_core.package_identification:_identify(src/log) by extensions ['ignore', 'ignore_ament_install']
[0.485s] Level 1:colcon.colcon_core.package_identification:_identify(src/log) by extension 'ignore'
[0.485s] Level 1:colcon.colcon_core.package_identification:_identify(src/log) ignored
[0.485s] Level 1:colcon.colcon_core.package_discovery:discover_packages(recursive) using defaults
[0.485s] Level 1:colcon.colcon_core.package_discovery:discover_packages(ignore) discover
[0.485s] Level 1:colcon.colcon_core.package_discovery:discover_packages(ignore) using defaults
[0.485s] Level 1:colcon.colcon_core.package_discovery:discover_packages(path) discover
[0.485s] Level 1:colcon.colcon_core.package_discovery:discover_packages(path) using defaults
[0.506s] Level 1:colcon.colcon_core.package_discovery:discover_packages(prefix_path) check parameters
[0.506s] Level 1:colcon.colcon_core.package_discovery:discover_packages(prefix_path) discover
[0.508s] DEBUG:colcon.colcon_installed_package_information.package_discovery:Found 0 installed packages in /home/onur/Desktop/DustBusterAI-Software/dustbuster_ws/install
[0.509s] DEBUG:colcon.colcon_installed_package_information.package_discovery:Found 270 installed packages in /opt/ros/humble
[0.510s] Level 1:colcon.colcon_core.package_discovery:discover_packages(prefix_path) using defaults
[0.562s] Level 5:colcon.colcon_core.verb:set package 'dustbuster-navigation' build argument 'cmake_args' from command line to 'None'
[0.562s] Level 5:colcon.colcon_core.verb:set package 'dustbuster-navigation' build argument 'cmake_target' from command line to 'None'
[0.562s] Level 5:colcon.colcon_core.verb:set package 'dustbuster-navigation' build argument 'cmake_target_skip_unavailable' from command line to 'False'
[0.562s] Level 5:colcon.colcon_core.verb:set package 'dustbuster-navigation' build argument 'cmake_clean_cache' from command line to 'False'
[0.562s] Level 5:colcon.colcon_core.verb:set package 'dustbuster-navigation' build argument 'cmake_clean_first' from command line to 'False'
[0.562s] Level 5:colcon.colcon_core.verb:set package 'dustbuster-navigation' build argument 'cmake_force_configure' from command line to 'False'
[0.562s] Level 5:colcon.colcon_core.verb:set package 'dustbuster-navigation' build argument 'ament_cmake_args' from command line to 'None'
[0.562s] Level 5:colcon.colcon_core.verb:set package 'dustbuster-navigation' build argument 'catkin_cmake_args' from command line to 'None'
[0.562s] Level 5:colcon.colcon_core.verb:set package 'dustbuster-navigation' build argument 'catkin_skip_building_tests' from command line to 'False'
[0.562s] DEBUG:colcon.colcon_core.verb:Building package 'dustbuster-navigation' with the following arguments: {'ament_cmake_args': None, 'build_base': '/home/onur/Desktop/DustBusterAI-Software/dustbuster_ws/build/dustbuster-navigation', 'catkin_cmake_args': None, 'catkin_skip_building_tests': False, 'cmake_args': None, 'cmake_clean_cache': False, 'cmake_clean_first': False, 'cmake_force_configure': False, 'cmake_target': None, 'cmake_target_skip_unavailable': False, 'install_base': '/home/onur/Desktop/DustBusterAI-Software/dustbuster_ws/install/dustbuster-navigation', 'merge_install': False, 'path': '/home/onur/Desktop/DustBusterAI-Software/dustbuster_ws/src/dustbuster-navigation', 'symlink_install': False, 'test_result_base': None}
[0.563s] INFO:colcon.colcon_core.executor:Executing jobs using 'parallel' executor
[0.566s] DEBUG:colcon.colcon_parallel_executor.executor.parallel:run_until_complete
[0.566s] INFO:colcon.colcon_ros.task.ament_cmake.build:Building ROS package in '/home/onur/Desktop/DustBusterAI-Software/dustbuster_ws/src/dustbuster-navigation' with build type 'ament_cmake'
[0.566s] INFO:colcon.colcon_cmake.task.cmake.build:Building CMake package in '/home/onur/Desktop/DustBusterAI-Software/dustbuster_ws/src/dustbuster-navigation'
[0.570s] INFO:colcon.colcon_core.plugin_system:Skipping extension 'colcon_core.shell.bat': Not used on non-Windows systems
[0.570s] INFO:colcon.colcon_core.shell:Skip shell extension 'powershell' for command environment: Not usable outside of PowerShell
[0.570s] DEBUG:colcon.colcon_core.shell:Skip shell extension 'dsv' for command environment
[0.579s] DEBUG:colcon.colcon_core.event_handler.log_command:Invoking command in '/home/onur/Desktop/DustBusterAI-Software/dustbuster_ws/build/dustbuster-navigation': CMAKE_PREFIX_PATH=/opt/ros/humble CONDA_PROMPT_MODIFIER=(base) /usr/bin/cmake /home/onur/Desktop/DustBusterAI-Software/dustbuster_ws/src/dustbuster-navigation -DCMAKE_INSTALL_PREFIX=/home/onur/Desktop/DustBusterAI-Software/dustbuster_ws/install/dustbuster-navigation
[2.328s] DEBUG:colcon.colcon_core.event_handler.log_command:Invoked command in '/home/onur/Desktop/DustBusterAI-Software/dustbuster_ws/build/dustbuster-navigation' returned '0': CMAKE_PREFIX_PATH=/opt/ros/humble CONDA_PROMPT_MODIFIER=(base) /usr/bin/cmake /home/onur/Desktop/DustBusterAI-Software/dustbuster_ws/src/dustbuster-navigation -DCMAKE_INSTALL_PREFIX=/home/onur/Desktop/DustBusterAI-Software/dustbuster_ws/install/dustbuster-navigation
[2.330s] DEBUG:colcon.colcon_core.event_handler.log_command:Invoking command in '/home/onur/Desktop/DustBusterAI-Software/dustbuster_ws/build/dustbuster-navigation': CMAKE_PREFIX_PATH=/opt/ros/humble CONDA_PROMPT_MODIFIER=(base) /usr/bin/cmake --build /home/onur/Desktop/DustBusterAI-Software/dustbuster_ws/build/dustbuster-navigation -- -j12 -l12
[2.361s] DEBUG:colcon.colcon_core.event_handler.log_command:Invoked command in '/home/onur/Desktop/DustBusterAI-Software/dustbuster_ws/build/dustbuster-navigation' returned '0': CMAKE_PREFIX_PATH=/opt/ros/humble CONDA_PROMPT_MODIFIER=(base) /usr/bin/cmake --build /home/onur/Desktop/DustBusterAI-Software/dustbuster_ws/build/dustbuster-navigation -- -j12 -l12
[2.386s] DEBUG:colcon.colcon_core.event_handler.log_command:Invoking command in '/home/onur/Desktop/DustBusterAI-Software/dustbuster_ws/build/dustbuster-navigation': CMAKE_PREFIX_PATH=/opt/ros/humble CONDA_PROMPT_MODIFIER=(base) /usr/bin/cmake --install /home/onur/Desktop/DustBusterAI-Software/dustbuster_ws/build/dustbuster-navigation
[2.396s] Level 1:colcon.colcon_core.environment:create_environment_scripts_only(dustbuster-navigation)
[2.397s] DEBUG:colcon.colcon_core.event_handler.log_command:Invoked command in '/home/onur/Desktop/DustBusterAI-Software/dustbuster_ws/build/dustbuster-navigation' returned '0': CMAKE_PREFIX_PATH=/opt/ros/humble CONDA_PROMPT_MODIFIER=(base) /usr/bin/cmake --install /home/onur/Desktop/DustBusterAI-Software/dustbuster_ws/build/dustbuster-navigation
[2.401s] Level 1:colcon.colcon_core.environment:checking '/home/onur/Desktop/DustBusterAI-Software/dustbuster_ws/install/dustbuster-navigation' for CMake module files
[2.402s] Level 1:colcon.colcon_core.environment:checking '/home/onur/Desktop/DustBusterAI-Software/dustbuster_ws/install/dustbuster-navigation' for CMake config files
[2.402s] Level 1:colcon.colcon_core.shell:create_environment_hook('dustbuster-navigation', 'cmake_prefix_path')
[2.403s] INFO:colcon.colcon_core.shell:Creating environment hook '/home/onur/Desktop/DustBusterAI-Software/dustbuster_ws/install/dustbuster-navigation/share/dustbuster-navigation/hook/cmake_prefix_path.ps1'
[2.403s] INFO:colcon.colcon_core.shell:Creating environment descriptor '/home/onur/Desktop/DustBusterAI-Software/dustbuster_ws/install/dustbuster-navigation/share/dustbuster-navigation/hook/cmake_prefix_path.dsv'
[2.404s] INFO:colcon.colcon_core.shell:Creating environment hook '/home/onur/Desktop/DustBusterAI-Software/dustbuster_ws/install/dustbuster-navigation/share/dustbuster-navigation/hook/cmake_prefix_path.sh'
[2.404s] Level 1:colcon.colcon_core.environment:checking '/home/onur/Desktop/DustBusterAI-Software/dustbuster_ws/install/dustbuster-navigation/bin'
[2.405s] Level 1:colcon.colcon_core.environment:checking '/home/onur/Desktop/DustBusterAI-Software/dustbuster_ws/install/dustbuster-navigation/lib/pkgconfig/dustbuster-navigation.pc'
[2.405s] Level 1:colcon.colcon_core.environment:checking '/home/onur/Desktop/DustBusterAI-Software/dustbuster_ws/install/dustbuster-navigation/lib/python3.10/site-packages'
[2.405s] Level 1:colcon.colcon_core.environment:checking '/home/onur/Desktop/DustBusterAI-Software/dustbuster_ws/install/dustbuster-navigation/bin'
[2.406s] INFO:colcon.colcon_core.shell:Creating package script '/home/onur/Desktop/DustBusterAI-Software/dustbuster_ws/install/dustbuster-navigation/share/dustbuster-navigation/package.ps1'
[2.407s] INFO:colcon.colcon_core.shell:Creating package descriptor '/home/onur/Desktop/DustBusterAI-Software/dustbuster_ws/install/dustbuster-navigation/share/dustbuster-navigation/package.dsv'
[2.407s] INFO:colcon.colcon_core.shell:Creating package script '/home/onur/Desktop/DustBusterAI-Software/dustbuster_ws/install/dustbuster-navigation/share/dustbuster-navigation/package.sh'
[2.408s] INFO:colcon.colcon_core.shell:Creating package script '/home/onur/Desktop/DustBusterAI-Software/dustbuster_ws/install/dustbuster-navigation/share/dustbuster-navigation/package.bash'
[2.408s] INFO:colcon.colcon_core.shell:Creating package script '/home/onur/Desktop/DustBusterAI-Software/dustbuster_ws/install/dustbuster-navigation/share/dustbuster-navigation/package.zsh'
[2.409s] Level 1:colcon.colcon_core.environment:create_file_with_runtime_dependencies(/home/onur/Desktop/DustBusterAI-Software/dustbuster_ws/install/dustbuster-navigation/share/colcon-core/packages/dustbuster-navigation)
[2.428s] Level 1:colcon.colcon_core.environment:create_environment_scripts_only(dustbuster-navigation)
[2.430s] Level 1:colcon.colcon_core.environment:checking '/home/onur/Desktop/DustBusterAI-Software/dustbuster_ws/install/dustbuster-navigation' for CMake module files
[2.430s] Level 1:colcon.colcon_core.environment:checking '/home/onur/Desktop/DustBusterAI-Software/dustbuster_ws/install/dustbuster-navigation' for CMake config files
[2.430s] Level 1:colcon.colcon_core.shell:create_environment_hook('dustbuster-navigation', 'cmake_prefix_path')
[2.432s] INFO:colcon.colcon_core.shell:Creating environment hook '/home/onur/Desktop/DustBusterAI-Software/dustbuster_ws/install/dustbuster-navigation/share/dustbuster-navigation/hook/cmake_prefix_path.ps1'
[2.432s] INFO:colcon.colcon_core.shell:Creating environment descriptor '/home/onur/Desktop/DustBusterAI-Software/dustbuster_ws/install/dustbuster-navigation/share/dustbuster-navigation/hook/cmake_prefix_path.dsv'
[2.432s] INFO:colcon.colcon_core.shell:Creating environment hook '/home/onur/Desktop/DustBusterAI-Software/dustbuster_ws/install/dustbuster-navigation/share/dustbuster-navigation/hook/cmake_prefix_path.sh'
[2.433s] Level 1:colcon.colcon_core.environment:checking '/home/onur/Desktop/DustBusterAI-Software/dustbuster_ws/install/dustbuster-navigation/bin'
[2.433s] Level 1:colcon.colcon_core.environment:checking '/home/onur/Desktop/DustBusterAI-Software/dustbuster_ws/install/dustbuster-navigation/lib/pkgconfig/dustbuster-navigation.pc'
[2.433s] Level 1:colcon.colcon_core.environment:checking '/home/onur/Desktop/DustBusterAI-Software/dustbuster_ws/install/dustbuster-navigation/lib/python3.10/site-packages'
[2.433s] Level 1:colcon.colcon_core.environment:checking '/home/onur/Desktop/DustBusterAI-Software/dustbuster_ws/install/dustbuster-navigation/bin'
[2.434s] INFO:colcon.colcon_core.shell:Creating package script '/home/onur/Desktop/DustBusterAI-Software/dustbuster_ws/install/dustbuster-navigation/share/dustbuster-navigation/package.ps1'
[2.435s] INFO:colcon.colcon_core.shell:Creating package descriptor '/home/onur/Desktop/DustBusterAI-Software/dustbuster_ws/install/dustbuster-navigation/share/dustbuster-navigation/package.dsv'
[2.518s] INFO:colcon.colcon_core.shell:Creating package script '/home/onur/Desktop/DustBusterAI-Software/dustbuster_ws/install/dustbuster-navigation/share/dustbuster-navigation/package.sh'
[2.520s] INFO:colcon.colcon_core.shell:Creating package script '/home/onur/Desktop/DustBusterAI-Software/dustbuster_ws/install/dustbuster-navigation/share/dustbuster-navigation/package.bash'
[2.521s] INFO:colcon.colcon_core.shell:Creating package script '/home/onur/Desktop/DustBusterAI-Software/dustbuster_ws/install/dustbuster-navigation/share/dustbuster-navigation/package.zsh'
[2.522s] Level 1:colcon.colcon_core.environment:create_file_with_runtime_dependencies(/home/onur/Desktop/DustBusterAI-Software/dustbuster_ws/install/dustbuster-navigation/share/colcon-core/packages/dustbuster-navigation)
[2.523s] DEBUG:colcon.colcon_parallel_executor.executor.parallel:closing loop
[2.524s] DEBUG:colcon.colcon_parallel_executor.executor.parallel:loop closed
[2.525s] DEBUG:colcon.colcon_parallel_executor.executor.parallel:run_until_complete finished with '0'
[2.525s] DEBUG:colcon.colcon_core.event_reactor:joining thread
[2.543s] INFO:colcon.colcon_core.plugin_system:Skipping extension 'colcon_notification.desktop_notification.terminal_notifier': Not used on non-Darwin systems
[2.543s] INFO:colcon.colcon_core.plugin_system:Skipping extension 'colcon_notification.desktop_notification.win32': Not used on non-Windows systems
[2.543s] INFO:colcon.colcon_notification.desktop_notification:Sending desktop notification using 'notify2'
[2.579s] DEBUG:colcon.colcon_core.event_reactor:joined thread
[2.582s] INFO:colcon.colcon_core.shell:Creating prefix script '/home/onur/Desktop/DustBusterAI-Software/dustbuster_ws/install/local_setup.ps1'
[2.585s] INFO:colcon.colcon_core.shell:Creating prefix util module '/home/onur/Desktop/DustBusterAI-Software/dustbuster_ws/install/_local_setup_util_ps1.py'
[2.587s] INFO:colcon.colcon_core.shell:Creating prefix chain script '/home/onur/Desktop/DustBusterAI-Software/dustbuster_ws/install/setup.ps1'
[2.590s] INFO:colcon.colcon_core.shell:Creating prefix script '/home/onur/Desktop/DustBusterAI-Software/dustbuster_ws/install/local_setup.sh'
[2.590s] INFO:colcon.colcon_core.shell:Creating prefix util module '/home/onur/Desktop/DustBusterAI-Software/dustbuster_ws/install/_local_setup_util_sh.py'
[2.591s] INFO:colcon.colcon_core.shell:Creating prefix chain script '/home/onur/Desktop/DustBusterAI-Software/dustbuster_ws/install/setup.sh'
[2.593s] INFO:colcon.colcon_core.shell:Creating prefix script '/home/onur/Desktop/DustBusterAI-Software/dustbuster_ws/install/local_setup.bash'
[2.594s] INFO:colcon.colcon_core.shell:Creating prefix chain script '/home/onur/Desktop/DustBusterAI-Software/dustbuster_ws/install/setup.bash'
[2.595s] INFO:colcon.colcon_core.shell:Creating prefix script '/home/onur/Desktop/DustBusterAI-Software/dustbuster_ws/install/local_setup.zsh'
[2.596s] INFO:colcon.colcon_core.shell:Creating prefix chain script '/home/onur/Desktop/DustBusterAI-Software/dustbuster_ws/install/setup.zsh'
